<?xml version="1.0" encoding="UTF-8" ?>
<testsuite errors="0" failures="0" hostname="C9X-110-1223L" name="com.tekdays.TekEventSpec" skipped="0" tests="1" time="4.973" timestamp="2015-10-09T07:09:00">
  <properties />
  <testcase classname="com.tekdays.TekEventSpec" name="test toString" time="4.707" />
  <system-out><![CDATA[--Output from test toString--
]]></system-out>
  <system-err><![CDATA[--Output from test toString--
]]></system-err>
</testsuite>
